<?xml version="1.0" encoding="UTF-8"?>
<testsuite xmlns:xsi="http://www.w3.org/2001/XMLSchema-instance" xsi:noNamespaceSchemaLocation="https://maven.apache.org/surefire/maven-surefire-plugin/xsd/surefire-test-report-3.0.xsd" version="3.0" name="org.klojang.util.path.PathTest" time="0.006" tests="44" errors="0" skipped="0" failures="0">
  <properties>
    <property name="java.specification.version" value="19"/>
    <property name="sun.jnu.encoding" value="UTF-8"/>
    <property name="java.class.path" value="/home/ayco/git-repos/klojang/klojang-util/target/test-classes:/home/ayco/git-repos/klojang/klojang-util/target/classes:/home/ayco/.m2/repository/org/klojang/klojang-check/2.0.0/klojang-check-2.0.0.jar:/home/ayco/.m2/repository/junit/junit/4.13.2/junit-4.13.2.jar:/home/ayco/.m2/repository/org/hamcrest/hamcrest-core/1.3/hamcrest-core-1.3.jar:"/>
    <property name="java.vm.vendor" value="Oracle Corporation"/>
    <property name="sun.arch.data.model" value="64"/>
    <property name="java.vendor.url" value="https://java.oracle.com/"/>
    <property name="user.timezone" value="Europe/Amsterdam"/>
    <property name="os.name" value="Linux"/>
    <property name="java.vm.specification.version" value="19"/>
    <property name="sun.java.launcher" value="SUN_STANDARD"/>
    <property name="user.country" value="US"/>
    <property name="sun.boot.library.path" value="/opt/jdk-19/lib"/>
    <property name="sun.java.command" value="/home/ayco/git-repos/klojang/klojang-util/target/surefire/surefirebooter-20221120152717361_3.jar /home/ayco/git-repos/klojang/klojang-util/target/surefire 2022-11-20T15-27-17_247-jvmRun1 surefire-20221120152717361_1tmp surefire_0-20221120152717361_2tmp"/>
    <property name="jdk.debug" value="release"/>
    <property name="surefire.test.class.path" value="/home/ayco/git-repos/klojang/klojang-util/target/test-classes:/home/ayco/git-repos/klojang/klojang-util/target/classes:/home/ayco/.m2/repository/org/klojang/klojang-check/2.0.0/klojang-check-2.0.0.jar:/home/ayco/.m2/repository/junit/junit/4.13.2/junit-4.13.2.jar:/home/ayco/.m2/repository/org/hamcrest/hamcrest-core/1.3/hamcrest-core-1.3.jar:"/>
    <property name="sun.cpu.endian" value="little"/>
    <property name="user.home" value="/home/ayco"/>
    <property name="user.language" value="en"/>
    <property name="java.specification.vendor" value="Oracle Corporation"/>
    <property name="java.version.date" value="2022-10-18"/>
    <property name="java.home" value="/opt/jdk-19"/>
    <property name="file.separator" value="/"/>
    <property name="basedir" value="/home/ayco/git-repos/klojang/klojang-util"/>
    <property name="java.vm.compressedOopsMode" value="Zero based"/>
    <property name="line.separator" value="&#10;"/>
    <property name="checkstyle.skip" value="true"/>
    <property name="java.specification.name" value="Java Platform API Specification"/>
    <property name="java.vm.specification.vendor" value="Oracle Corporation"/>
    <property name="surefire.real.class.path" value="/home/ayco/git-repos/klojang/klojang-util/target/surefire/surefirebooter-20221120152717361_3.jar"/>
    <property name="sun.management.compiler" value="HotSpot 64-Bit Tiered Compilers"/>
    <property name="java.runtime.version" value="19.0.1+10-21"/>
    <property name="user.name" value="ayco"/>
    <property name="stdout.encoding" value="UTF-8"/>
    <property name="path.separator" value=":"/>
    <property name="os.version" value="5.15.0-53-generic"/>
    <property name="java.runtime.name" value="OpenJDK Runtime Environment"/>
    <property name="file.encoding" value="UTF-8"/>
    <property name="java.vm.name" value="OpenJDK 64-Bit Server VM"/>
    <property name="localRepository" value="/home/ayco/.m2/repository"/>
    <property name="java.vendor.url.bug" value="https://bugreport.java.com/bugreport/"/>
    <property name="java.io.tmpdir" value="/tmp"/>
    <property name="java.version" value="19.0.1"/>
    <property name="user.dir" value="/home/ayco/git-repos/klojang/klojang-util"/>
    <property name="os.arch" value="amd64"/>
    <property name="java.vm.specification.name" value="Java Virtual Machine Specification"/>
    <property name="native.encoding" value="UTF-8"/>
    <property name="java.library.path" value="/usr/java/packages/lib:/usr/lib64:/lib64:/lib:/usr/lib"/>
    <property name="java.vm.info" value="mixed mode, sharing"/>
    <property name="stderr.encoding" value="UTF-8"/>
    <property name="java.vendor" value="Oracle Corporation"/>
    <property name="java.vm.version" value="19.0.1+10-21"/>
    <property name="sun.io.unicode.encoding" value="UnicodeLittle"/>
    <property name="java.class.version" value="63.0"/>
  </properties>
  <testcase name="iterator00" classname="org.klojang.util.path.PathTest" time="0.001"/>
  <testcase name="iterator01" classname="org.klojang.util.path.PathTest" time="0"/>
  <testcase name="empty00" classname="org.klojang.util.path.PathTest" time="0.001"/>
  <testcase name="append" classname="org.klojang.util.path.PathTest" time="0"/>
  <testcase name="copy00" classname="org.klojang.util.path.PathTest" time="0"/>
  <testcase name="escape" classname="org.klojang.util.path.PathTest" time="0"/>
  <testcase name="parse01" classname="org.klojang.util.path.PathTest" time="0"/>
  <testcase name="parse02" classname="org.klojang.util.path.PathTest" time="0"/>
  <testcase name="parse03" classname="org.klojang.util.path.PathTest" time="0"/>
  <testcase name="parse04" classname="org.klojang.util.path.PathTest" time="0.001"/>
  <testcase name="parse05" classname="org.klojang.util.path.PathTest" time="0"/>
  <testcase name="parse06" classname="org.klojang.util.path.PathTest" time="0"/>
  <testcase name="parse07" classname="org.klojang.util.path.PathTest" time="0"/>
  <testcase name="parse08" classname="org.klojang.util.path.PathTest" time="0"/>
  <testcase name="parse09" classname="org.klojang.util.path.PathTest" time="0"/>
  <testcase name="getPurePath" classname="org.klojang.util.path.PathTest" time="0.001"/>
  <testcase name="replace00" classname="org.klojang.util.path.PathTest" time="0"/>
  <testcase name="compareTo00" classname="org.klojang.util.path.PathTest" time="0"/>
  <testcase name="of00" classname="org.klojang.util.path.PathTest" time="0"/>
  <testcase name="of01" classname="org.klojang.util.path.PathTest" time="0"/>
  <testcase name="of02" classname="org.klojang.util.path.PathTest" time="0"/>
  <testcase name="of03" classname="org.klojang.util.path.PathTest" time="0"/>
  <testcase name="of04" classname="org.klojang.util.path.PathTest" time="0"/>
  <testcase name="of05" classname="org.klojang.util.path.PathTest" time="0"/>
  <testcase name="of06" classname="org.klojang.util.path.PathTest" time="0"/>
  <testcase name="path" classname="org.klojang.util.path.PathTest" time="0"/>
  <testcase name="shift" classname="org.klojang.util.path.PathTest" time="0.001"/>
  <testcase name="reverse00" classname="org.klojang.util.path.PathTest" time="0"/>
  <testcase name="subpath01" classname="org.klojang.util.path.PathTest" time="0"/>
  <testcase name="subpath02" classname="org.klojang.util.path.PathTest" time="0"/>
  <testcase name="subpath03" classname="org.klojang.util.path.PathTest" time="0"/>
  <testcase name="subpath04" classname="org.klojang.util.path.PathTest" time="0"/>
  <testcase name="subpath05" classname="org.klojang.util.path.PathTest" time="0"/>
  <testcase name="subpath06" classname="org.klojang.util.path.PathTest" time="0"/>
  <testcase name="equals00" classname="org.klojang.util.path.PathTest" time="0.001"/>
  <testcase name="ofSegments" classname="org.klojang.util.path.PathTest" time="0"/>
  <testcase name="parent01" classname="org.klojang.util.path.PathTest" time="0"/>
  <testcase name="toString00" classname="org.klojang.util.path.PathTest" time="0"/>
  <testcase name="toString01" classname="org.klojang.util.path.PathTest" time="0"/>
  <testcase name="toString02" classname="org.klojang.util.path.PathTest" time="0"/>
  <testcase name="toString03" classname="org.klojang.util.path.PathTest" time="0"/>
  <testcase name="toString04" classname="org.klojang.util.path.PathTest" time="0"/>
  <testcase name="toString05" classname="org.klojang.util.path.PathTest" time="0"/>
  <testcase name="toString06" classname="org.klojang.util.path.PathTest" time="0"/>
</testsuite>