<?xml version="1.0" encoding="UTF-8"?>
<testsuite xmlns:xsi="http://www.w3.org/2001/XMLSchema-instance" xsi:noNamespaceSchemaLocation="https://maven.apache.org/surefire/maven-surefire-plugin/xsd/surefire-test-report-3.0.xsd" version="3.0" name="org.klojang.util.collection.IntArrayListTest" time="0.014" tests="24" errors="0" skipped="0" failures="0">
  <properties>
    <property name="git.tags" value=""/>
    <property name="java.specification.version" value="19"/>
    <property name="git.build.version" value="1.0.0"/>
    <property name="sun.jnu.encoding" value="UTF-8"/>
    <property name="java.class.path" value="/home/ayco/git-repos/klojang/klojang-util/target/test-classes:/home/ayco/git-repos/klojang/klojang-util/target/classes:/home/ayco/.m2/repository/org/klojang/klojang-check/2.0.0/klojang-check-2.0.0.jar:/home/ayco/.m2/repository/junit/junit/4.13.2/junit-4.13.2.jar:/home/ayco/.m2/repository/org/hamcrest/hamcrest-core/1.3/hamcrest-core-1.3.jar:"/>
    <property name="git.branch" value="main"/>
    <property name="git.build.host" value="ayco-Latitude-5430"/>
    <property name="java.vm.vendor" value="Oracle Corporation"/>
    <property name="sun.arch.data.model" value="64"/>
    <property name="git.commit.id" value="ed246ea11e3a2faf0eb31e67fe672c6b14dcbe36"/>
    <property name="java.vendor.url" value="https://java.oracle.com/"/>
    <property name="user.timezone" value="Europe/Amsterdam"/>
    <property name="java.vm.specification.version" value="19"/>
    <property name="os.name" value="Linux"/>
    <property name="git.commit.author.time" value="2022-11-20 15:37:53"/>
    <property name="sun.java.launcher" value="SUN_STANDARD"/>
    <property name="user.country" value="US"/>
    <property name="git.build.user.name" value="Ayco Holleman"/>
    <property name="sun.boot.library.path" value="/opt/jdk-19/lib"/>
    <property name="sun.java.command" value="/home/ayco/git-repos/klojang/klojang-util/target/surefire/surefirebooter-20221120194841527_3.jar /home/ayco/git-repos/klojang/klojang-util/target/surefire 2022-11-20T19-48-41_420-jvmRun1 surefire-20221120194841527_1tmp surefire_0-20221120194841527_2tmp"/>
    <property name="jdk.debug" value="release"/>
    <property name="surefire.test.class.path" value="/home/ayco/git-repos/klojang/klojang-util/target/test-classes:/home/ayco/git-repos/klojang/klojang-util/target/classes:/home/ayco/.m2/repository/org/klojang/klojang-check/2.0.0/klojang-check-2.0.0.jar:/home/ayco/.m2/repository/junit/junit/4.13.2/junit-4.13.2.jar:/home/ayco/.m2/repository/org/hamcrest/hamcrest-core/1.3/hamcrest-core-1.3.jar:"/>
    <property name="sun.cpu.endian" value="little"/>
    <property name="user.home" value="/home/ayco"/>
    <property name="user.language" value="en"/>
    <property name="git.closest.tag.commit.count" value=""/>
    <property name="java.specification.vendor" value="Oracle Corporation"/>
    <property name="java.version.date" value="2022-10-18"/>
    <property name="java.home" value="/opt/jdk-19"/>
    <property name="git.total.commit.count" value="2"/>
    <property name="file.separator" value="/"/>
    <property name="basedir" value="/home/ayco/git-repos/klojang/klojang-util"/>
    <property name="java.vm.compressedOopsMode" value="Zero based"/>
    <property name="line.separator" value="&#10;"/>
    <property name="checkstyle.skip" value="true"/>
    <property name="git.commit.committer.time" value="2022-11-20 15:37:53"/>
    <property name="git.build.user.email" value="ayco.holleman@naturalis.nl"/>
    <property name="java.vm.specification.vendor" value="Oracle Corporation"/>
    <property name="java.specification.name" value="Java Platform API Specification"/>
    <property name="git.closest.tag.name" value=""/>
    <property name="git.local.branch.ahead" value="0"/>
    <property name="git.build.time" value="2022-11-20 19:48:39"/>
    <property name="surefire.real.class.path" value="/home/ayco/git-repos/klojang/klojang-util/target/surefire/surefirebooter-20221120194841527_3.jar"/>
    <property name="git.commit.message.full" value="bumped klojang-check to 2.0 after name change in CommonChecks"/>
    <property name="sun.management.compiler" value="HotSpot 64-Bit Tiered Compilers"/>
    <property name="java.runtime.version" value="19.0.1+10-21"/>
    <property name="user.name" value="ayco"/>
    <property name="stdout.encoding" value="UTF-8"/>
    <property name="path.separator" value=":"/>
    <property name="os.version" value="5.15.0-53-generic"/>
    <property name="java.runtime.name" value="OpenJDK Runtime Environment"/>
    <property name="file.encoding" value="UTF-8"/>
    <property name="git.commit.user.email" value="ayco.holleman@naturalis.nl"/>
    <property name="java.vm.name" value="OpenJDK 64-Bit Server VM"/>
    <property name="git.local.branch.behind" value="0"/>
    <property name="git.dirty" value="true"/>
    <property name="localRepository" value="/home/ayco/.m2/repository"/>
    <property name="java.vendor.url.bug" value="https://bugreport.java.com/bugreport/"/>
    <property name="java.io.tmpdir" value="/tmp"/>
    <property name="java.version" value="19.0.1"/>
    <property name="user.dir" value="/home/ayco/git-repos/klojang/klojang-util"/>
    <property name="os.arch" value="amd64"/>
    <property name="git.commit.user.name" value="Ayco Holleman"/>
    <property name="git.commit.id.abbrev" value="ed246ea"/>
    <property name="java.vm.specification.name" value="Java Virtual Machine Specification"/>
    <property name="git.commit.id.describe-short" value="ed246ea-dirty"/>
    <property name="git.commit.id.describe" value="ed246ea-dirty"/>
    <property name="native.encoding" value="UTF-8"/>
    <property name="java.library.path" value="/usr/java/packages/lib:/usr/lib64:/lib64:/lib:/usr/lib"/>
    <property name="git.commit.message.short" value="bumped klojang-check to 2.0 after name change in CommonChecks"/>
    <property name="java.vm.info" value="mixed mode, sharing"/>
    <property name="stderr.encoding" value="UTF-8"/>
    <property name="java.vendor" value="Oracle Corporation"/>
    <property name="java.vm.version" value="19.0.1+10-21"/>
    <property name="sun.io.unicode.encoding" value="UnicodeLittle"/>
    <property name="java.class.version" value="63.0"/>
    <property name="git.commit.time" value="2022-11-20 15:37:53"/>
    <property name="git.remote.origin.url" value="https://github.com/klojang4j/klojang-util.git"/>
  </properties>
  <testcase name="constructor00" classname="org.klojang.util.collection.IntArrayListTest" time="0"/>
  <testcase name="retainAll00" classname="org.klojang.util.collection.IntArrayListTest" time="0.001"/>
  <testcase name="addAll00" classname="org.klojang.util.collection.IntArrayListTest" time="0"/>
  <testcase name="addAll01" classname="org.klojang.util.collection.IntArrayListTest" time="0.003"/>
  <testcase name="addAll02" classname="org.klojang.util.collection.IntArrayListTest" time="0.001"/>
  <testcase name="addAll03" classname="org.klojang.util.collection.IntArrayListTest" time="0"/>
  <testcase name="size00" classname="org.klojang.util.collection.IntArrayListTest" time="0"/>
  <testcase name="removeByValue00" classname="org.klojang.util.collection.IntArrayListTest" time="0"/>
  <testcase name="sort00" classname="org.klojang.util.collection.IntArrayListTest" time="0.001"/>
  <testcase name="indexOf00" classname="org.klojang.util.collection.IntArrayListTest" time="0.001"/>
  <testcase name="removeAll00" classname="org.klojang.util.collection.IntArrayListTest" time="0.001"/>
  <testcase name="add00" classname="org.klojang.util.collection.IntArrayListTest" time="0.001"/>
  <testcase name="get00" classname="org.klojang.util.collection.IntArrayListTest" time="0"/>
  <testcase name="trimAndResize00" classname="org.klojang.util.collection.IntArrayListTest" time="0"/>
  <testcase name="set00" classname="org.klojang.util.collection.IntArrayListTest" time="0"/>
  <testcase name="hashCode00" classname="org.klojang.util.collection.IntArrayListTest" time="0"/>
  <testcase name="forEachThrowing00" classname="org.klojang.util.collection.IntArrayListTest" time="0.002"/>
  <testcase name="equals00" classname="org.klojang.util.collection.IntArrayListTest" time="0"/>
  <testcase name="forEach00" classname="org.klojang.util.collection.IntArrayListTest" time="0.001"/>
  <testcase name="removeByIndex00" classname="org.klojang.util.collection.IntArrayListTest" time="0"/>
  <testcase name="clear00" classname="org.klojang.util.collection.IntArrayListTest" time="0"/>
  <testcase name="toString00" classname="org.klojang.util.collection.IntArrayListTest" time="0.001"/>
  <testcase name="stream00" classname="org.klojang.util.collection.IntArrayListTest" time="0.001"/>
  <testcase name="toArray00" classname="org.klojang.util.collection.IntArrayListTest" time="0"/>
</testsuite>