<?xml version="1.0" encoding="UTF-8"?>
<testsuite xmlns:xsi="http://www.w3.org/2001/XMLSchema-instance" xsi:noNamespaceSchemaLocation="https://maven.apache.org/surefire/maven-surefire-plugin/xsd/surefire-test-report-3.0.xsd" version="3.0" name="org.klojang.util.MathMethodsTest" time="0.03" tests="158" errors="0" skipped="0" failures="0">
  <properties>
    <property name="git.tags" value=""/>
    <property name="java.specification.version" value="19"/>
    <property name="git.build.version" value="1.0.0"/>
    <property name="sun.jnu.encoding" value="UTF-8"/>
    <property name="java.class.path" value="/home/ayco/git-repos/klojang/klojang-util/target/test-classes:/home/ayco/git-repos/klojang/klojang-util/target/classes:/home/ayco/.m2/repository/org/klojang/klojang-check/2.0.0/klojang-check-2.0.0.jar:/home/ayco/.m2/repository/junit/junit/4.13.2/junit-4.13.2.jar:/home/ayco/.m2/repository/org/hamcrest/hamcrest-core/1.3/hamcrest-core-1.3.jar:"/>
    <property name="git.branch" value="main"/>
    <property name="git.build.host" value="ayco-Latitude-5430"/>
    <property name="java.vm.vendor" value="Oracle Corporation"/>
    <property name="sun.arch.data.model" value="64"/>
    <property name="git.commit.id" value="ed246ea11e3a2faf0eb31e67fe672c6b14dcbe36"/>
    <property name="java.vendor.url" value="https://java.oracle.com/"/>
    <property name="java.vm.specification.version" value="19"/>
    <property name="os.name" value="Linux"/>
    <property name="git.commit.author.time" value="2022-11-20 15:37:53"/>
    <property name="sun.java.launcher" value="SUN_STANDARD"/>
    <property name="user.country" value="US"/>
    <property name="git.build.user.name" value="Ayco Holleman"/>
    <property name="sun.boot.library.path" value="/opt/jdk-19/lib"/>
    <property name="sun.java.command" value="/home/ayco/git-repos/klojang/klojang-util/target/surefire/surefirebooter-20221120194841527_3.jar /home/ayco/git-repos/klojang/klojang-util/target/surefire 2022-11-20T19-48-41_420-jvmRun1 surefire-20221120194841527_1tmp surefire_0-20221120194841527_2tmp"/>
    <property name="jdk.debug" value="release"/>
    <property name="surefire.test.class.path" value="/home/ayco/git-repos/klojang/klojang-util/target/test-classes:/home/ayco/git-repos/klojang/klojang-util/target/classes:/home/ayco/.m2/repository/org/klojang/klojang-check/2.0.0/klojang-check-2.0.0.jar:/home/ayco/.m2/repository/junit/junit/4.13.2/junit-4.13.2.jar:/home/ayco/.m2/repository/org/hamcrest/hamcrest-core/1.3/hamcrest-core-1.3.jar:"/>
    <property name="sun.cpu.endian" value="little"/>
    <property name="user.home" value="/home/ayco"/>
    <property name="user.language" value="en"/>
    <property name="git.closest.tag.commit.count" value=""/>
    <property name="java.specification.vendor" value="Oracle Corporation"/>
    <property name="java.version.date" value="2022-10-18"/>
    <property name="java.home" value="/opt/jdk-19"/>
    <property name="git.total.commit.count" value="2"/>
    <property name="file.separator" value="/"/>
    <property name="basedir" value="/home/ayco/git-repos/klojang/klojang-util"/>
    <property name="java.vm.compressedOopsMode" value="Zero based"/>
    <property name="line.separator" value="&#10;"/>
    <property name="checkstyle.skip" value="true"/>
    <property name="git.commit.committer.time" value="2022-11-20 15:37:53"/>
    <property name="git.build.user.email" value="ayco.holleman@naturalis.nl"/>
    <property name="java.vm.specification.vendor" value="Oracle Corporation"/>
    <property name="java.specification.name" value="Java Platform API Specification"/>
    <property name="git.closest.tag.name" value=""/>
    <property name="git.local.branch.ahead" value="0"/>
    <property name="git.build.time" value="2022-11-20 19:48:39"/>
    <property name="surefire.real.class.path" value="/home/ayco/git-repos/klojang/klojang-util/target/surefire/surefirebooter-20221120194841527_3.jar"/>
    <property name="git.commit.message.full" value="bumped klojang-check to 2.0 after name change in CommonChecks"/>
    <property name="sun.management.compiler" value="HotSpot 64-Bit Tiered Compilers"/>
    <property name="java.runtime.version" value="19.0.1+10-21"/>
    <property name="user.name" value="ayco"/>
    <property name="stdout.encoding" value="UTF-8"/>
    <property name="path.separator" value=":"/>
    <property name="os.version" value="5.15.0-53-generic"/>
    <property name="java.runtime.name" value="OpenJDK Runtime Environment"/>
    <property name="file.encoding" value="UTF-8"/>
    <property name="git.commit.user.email" value="ayco.holleman@naturalis.nl"/>
    <property name="java.vm.name" value="OpenJDK 64-Bit Server VM"/>
    <property name="git.local.branch.behind" value="0"/>
    <property name="git.dirty" value="true"/>
    <property name="localRepository" value="/home/ayco/.m2/repository"/>
    <property name="java.vendor.url.bug" value="https://bugreport.java.com/bugreport/"/>
    <property name="java.io.tmpdir" value="/tmp"/>
    <property name="java.version" value="19.0.1"/>
    <property name="user.dir" value="/home/ayco/git-repos/klojang/klojang-util"/>
    <property name="os.arch" value="amd64"/>
    <property name="git.commit.user.name" value="Ayco Holleman"/>
    <property name="git.commit.id.abbrev" value="ed246ea"/>
    <property name="java.vm.specification.name" value="Java Virtual Machine Specification"/>
    <property name="git.commit.id.describe-short" value="ed246ea-dirty"/>
    <property name="git.commit.id.describe" value="ed246ea-dirty"/>
    <property name="native.encoding" value="UTF-8"/>
    <property name="java.library.path" value="/usr/java/packages/lib:/usr/lib64:/lib64:/lib:/usr/lib"/>
    <property name="git.commit.message.short" value="bumped klojang-check to 2.0 after name change in CommonChecks"/>
    <property name="java.vm.info" value="mixed mode, sharing"/>
    <property name="stderr.encoding" value="UTF-8"/>
    <property name="java.vendor" value="Oracle Corporation"/>
    <property name="java.vm.version" value="19.0.1+10-21"/>
    <property name="sun.io.unicode.encoding" value="UnicodeLittle"/>
    <property name="java.class.version" value="63.0"/>
    <property name="git.commit.time" value="2022-11-20 15:37:53"/>
    <property name="git.remote.origin.url" value="https://github.com/klojang4j/klojang-util.git"/>
  </properties>
  <testcase name="indexOfLastGrid00" classname="org.klojang.util.MathMethodsTest" time="0"/>
  <testcase name="rasterizeObjsCM00" classname="org.klojang.util.MathMethodsTest" time="0.001"/>
  <testcase name="rasterizeObjsCM01" classname="org.klojang.util.MathMethodsTest" time="0.001"/>
  <testcase name="rasterizeObjsCM02" classname="org.klojang.util.MathMethodsTest" time="0"/>
  <testcase name="rasterizeObjsCM03" classname="org.klojang.util.MathMethodsTest" time="0"/>
  <testcase name="rasterizeObjsCM04" classname="org.klojang.util.MathMethodsTest" time="0"/>
  <testcase name="rasterizeObjsCM05" classname="org.klojang.util.MathMethodsTest" time="0"/>
  <testcase name="rasterizeObjsCM06" classname="org.klojang.util.MathMethodsTest" time="0"/>
  <testcase name="rasterizeObjsCM07" classname="org.klojang.util.MathMethodsTest" time="0"/>
  <testcase name="rasterizeObjsCM08" classname="org.klojang.util.MathMethodsTest" time="0"/>
  <testcase name="rasterizeObjsCM09" classname="org.klojang.util.MathMethodsTest" time="0"/>
  <testcase name="rasterizeObjsCM10" classname="org.klojang.util.MathMethodsTest" time="0"/>
  <testcase name="rasterizeObjsCM11" classname="org.klojang.util.MathMethodsTest" time="0"/>
  <testcase name="gridCount00" classname="org.klojang.util.MathMethodsTest" time="0"/>
  <testcase name="divHalfUp00" classname="org.klojang.util.MathMethodsTest" time="0"/>
  <testcase name="divHalfUp01" classname="org.klojang.util.MathMethodsTest" time="0"/>
  <testcase name="divHalfUp02" classname="org.klojang.util.MathMethodsTest" time="0"/>
  <testcase name="divHalfUp03" classname="org.klojang.util.MathMethodsTest" time="0"/>
  <testcase name="rasterizeIntsCM00" classname="org.klojang.util.MathMethodsTest" time="0"/>
  <testcase name="rasterizeIntsCM01" classname="org.klojang.util.MathMethodsTest" time="0"/>
  <testcase name="rasterizeIntsCM02" classname="org.klojang.util.MathMethodsTest" time="0.001"/>
  <testcase name="rasterizeIntsCM03" classname="org.klojang.util.MathMethodsTest" time="0"/>
  <testcase name="rasterizeIntsCM04" classname="org.klojang.util.MathMethodsTest" time="0"/>
  <testcase name="rasterizeIntsCM05" classname="org.klojang.util.MathMethodsTest" time="0"/>
  <testcase name="rasterizeIntsCM06" classname="org.klojang.util.MathMethodsTest" time="0"/>
  <testcase name="rasterizeIntsCM07" classname="org.klojang.util.MathMethodsTest" time="0"/>
  <testcase name="rasterizeIntsCM08" classname="org.klojang.util.MathMethodsTest" time="0"/>
  <testcase name="rasterizeIntsCM09" classname="org.klojang.util.MathMethodsTest" time="0"/>
  <testcase name="rasterizeIntsCM10" classname="org.klojang.util.MathMethodsTest" time="0"/>
  <testcase name="rasterizeIntsCM11" classname="org.klojang.util.MathMethodsTest" time="0"/>
  <testcase name="getPageCount00" classname="org.klojang.util.MathMethodsTest" time="0"/>
  <testcase name="getPageCount01" classname="org.klojang.util.MathMethodsTest" time="0"/>
  <testcase name="getPageCount02" classname="org.klojang.util.MathMethodsTest" time="0"/>
  <testcase name="countEmptyRowsOnLastPage00" classname="org.klojang.util.MathMethodsTest" time="0.001"/>
  <testcase name="gridRowColumnCM00" classname="org.klojang.util.MathMethodsTest" time="0"/>
  <testcase name="countRowsOnLastPage00" classname="org.klojang.util.MathMethodsTest" time="0"/>
  <testcase name="rasterizeObjsNoPaddingCM00" classname="org.klojang.util.MathMethodsTest" time="0"/>
  <testcase name="rasterizeObjsNoPaddingCM01" classname="org.klojang.util.MathMethodsTest" time="0"/>
  <testcase name="rasterizeObjsNoPaddingCM02" classname="org.klojang.util.MathMethodsTest" time="0"/>
  <testcase name="rasterizeObjsNoPaddingCM03" classname="org.klojang.util.MathMethodsTest" time="0"/>
  <testcase name="rasterizeObjsNoPaddingCM04" classname="org.klojang.util.MathMethodsTest" time="0.001"/>
  <testcase name="rasterizeObjsNoPaddingCM05" classname="org.klojang.util.MathMethodsTest" time="0"/>
  <testcase name="rasterizeObjsNoPaddingCM06" classname="org.klojang.util.MathMethodsTest" time="0"/>
  <testcase name="rasterizeObjsNoPaddingCM07" classname="org.klojang.util.MathMethodsTest" time="0"/>
  <testcase name="rasterizeObjsNoPaddingCM08" classname="org.klojang.util.MathMethodsTest" time="0"/>
  <testcase name="rasterizeObjsNoPaddingCM09" classname="org.klojang.util.MathMethodsTest" time="0"/>
  <testcase name="rasterizeObjsNoPaddingCM10" classname="org.klojang.util.MathMethodsTest" time="0"/>
  <testcase name="rasterizeObjsNoPaddingCM11" classname="org.klojang.util.MathMethodsTest" time="0.001"/>
  <testcase name="gridRowColumn00" classname="org.klojang.util.MathMethodsTest" time="0"/>
  <testcase name="abs00" classname="org.klojang.util.MathMethodsTest" time="0"/>
  <testcase name="abs01" classname="org.klojang.util.MathMethodsTest" time="0"/>
  <testcase name="abs02" classname="org.klojang.util.MathMethodsTest" time="0"/>
  <testcase name="abs03" classname="org.klojang.util.MathMethodsTest" time="0"/>
  <testcase name="abs04" classname="org.klojang.util.MathMethodsTest" time="0"/>
  <testcase name="abs05" classname="org.klojang.util.MathMethodsTest" time="0.001"/>
  <testcase name="abs06" classname="org.klojang.util.MathMethodsTest" time="0"/>
  <testcase name="abs07" classname="org.klojang.util.MathMethodsTest" time="0"/>
  <testcase name="abs08" classname="org.klojang.util.MathMethodsTest" time="0"/>
  <testcase name="abs09" classname="org.klojang.util.MathMethodsTest" time="0"/>
  <testcase name="getPageIndex00" classname="org.klojang.util.MathMethodsTest" time="0"/>
  <testcase name="rasterizeIntsNoPadding00" classname="org.klojang.util.MathMethodsTest" time="0"/>
  <testcase name="rasterizeIntsNoPadding01" classname="org.klojang.util.MathMethodsTest" time="0.001"/>
  <testcase name="rasterizeIntsNoPadding02" classname="org.klojang.util.MathMethodsTest" time="0"/>
  <testcase name="rasterizeIntsNoPadding03" classname="org.klojang.util.MathMethodsTest" time="0"/>
  <testcase name="rasterizeIntsNoPadding04" classname="org.klojang.util.MathMethodsTest" time="0"/>
  <testcase name="rasterizeIntsNoPadding05" classname="org.klojang.util.MathMethodsTest" time="0"/>
  <testcase name="rasterizeIntsNoPadding06" classname="org.klojang.util.MathMethodsTest" time="0"/>
  <testcase name="rasterizeIntsNoPadding07" classname="org.klojang.util.MathMethodsTest" time="0"/>
  <testcase name="rasterizeIntsNoPadding08" classname="org.klojang.util.MathMethodsTest" time="0"/>
  <testcase name="rasterizeIntsNoPadding09" classname="org.klojang.util.MathMethodsTest" time="0.001"/>
  <testcase name="rasterizeIntsNoPadding10" classname="org.klojang.util.MathMethodsTest" time="0"/>
  <testcase name="rasterizeIntsNoPadding11" classname="org.klojang.util.MathMethodsTest" time="0"/>
  <testcase name="rasterizeIntsNoPadding12" classname="org.klojang.util.MathMethodsTest" time="0"/>
  <testcase name="rasterizeIntsNoPadding13" classname="org.klojang.util.MathMethodsTest" time="0"/>
  <testcase name="rasterizeIntsNoPadding14" classname="org.klojang.util.MathMethodsTest" time="0"/>
  <testcase name="rasterizeIntsNoPadding15" classname="org.klojang.util.MathMethodsTest" time="0.001"/>
  <testcase name="rasterizeIntsNoPadding16" classname="org.klojang.util.MathMethodsTest" time="0"/>
  <testcase name="rasterizeIntsNoPadding17" classname="org.klojang.util.MathMethodsTest" time="0"/>
  <testcase name="getRowIndex00" classname="org.klojang.util.MathMethodsTest" time="0"/>
  <testcase name="getRowIndex01" classname="org.klojang.util.MathMethodsTest" time="0"/>
  <testcase name="getRowIndex02" classname="org.klojang.util.MathMethodsTest" time="0"/>
  <testcase name="rasterizeIntsNoPaddingCM00" classname="org.klojang.util.MathMethodsTest" time="0"/>
  <testcase name="rasterizeIntsNoPaddingCM01" classname="org.klojang.util.MathMethodsTest" time="0"/>
  <testcase name="rasterizeIntsNoPaddingCM02" classname="org.klojang.util.MathMethodsTest" time="0"/>
  <testcase name="rasterizeIntsNoPaddingCM03" classname="org.klojang.util.MathMethodsTest" time="0.001"/>
  <testcase name="rasterizeIntsNoPaddingCM04" classname="org.klojang.util.MathMethodsTest" time="0"/>
  <testcase name="rasterizeIntsNoPaddingCM05" classname="org.klojang.util.MathMethodsTest" time="0"/>
  <testcase name="rasterizeIntsNoPaddingCM06" classname="org.klojang.util.MathMethodsTest" time="0"/>
  <testcase name="rasterizeIntsNoPaddingCM07" classname="org.klojang.util.MathMethodsTest" time="0"/>
  <testcase name="rasterizeIntsNoPaddingCM08" classname="org.klojang.util.MathMethodsTest" time="0.001"/>
  <testcase name="rasterizeIntsNoPaddingCM09" classname="org.klojang.util.MathMethodsTest" time="0"/>
  <testcase name="rasterizeIntsNoPaddingCM10" classname="org.klojang.util.MathMethodsTest" time="0"/>
  <testcase name="rasterizeIntsNoPaddingCM11" classname="org.klojang.util.MathMethodsTest" time="0"/>
  <testcase name="getRowIndexCM00" classname="org.klojang.util.MathMethodsTest" time="0.001"/>
  <testcase name="divHalfDown00" classname="org.klojang.util.MathMethodsTest" time="0"/>
  <testcase name="divHalfDown01" classname="org.klojang.util.MathMethodsTest" time="0"/>
  <testcase name="divHalfDown02" classname="org.klojang.util.MathMethodsTest" time="0"/>
  <testcase name="divHalfDown03" classname="org.klojang.util.MathMethodsTest" time="0.001"/>
  <testcase name="divHalfDown04" classname="org.klojang.util.MathMethodsTest" time="0"/>
  <testcase name="divHalfDown05" classname="org.klojang.util.MathMethodsTest" time="0"/>
  <testcase name="divHalfDown06" classname="org.klojang.util.MathMethodsTest" time="0"/>
  <testcase name="rasterizeObjsNoPadding00" classname="org.klojang.util.MathMethodsTest" time="0"/>
  <testcase name="rasterizeObjsNoPadding01" classname="org.klojang.util.MathMethodsTest" time="0"/>
  <testcase name="rasterizeObjsNoPadding02" classname="org.klojang.util.MathMethodsTest" time="0.001"/>
  <testcase name="rasterizeObjsNoPadding03" classname="org.klojang.util.MathMethodsTest" time="0"/>
  <testcase name="rasterizeObjsNoPadding04" classname="org.klojang.util.MathMethodsTest" time="0"/>
  <testcase name="rasterizeObjsNoPadding05" classname="org.klojang.util.MathMethodsTest" time="0"/>
  <testcase name="rasterizeObjsNoPadding06" classname="org.klojang.util.MathMethodsTest" time="0"/>
  <testcase name="rasterizeObjsNoPadding07" classname="org.klojang.util.MathMethodsTest" time="0"/>
  <testcase name="rasterizeObjsNoPadding08" classname="org.klojang.util.MathMethodsTest" time="0"/>
  <testcase name="rasterizeObjsNoPadding09" classname="org.klojang.util.MathMethodsTest" time="0"/>
  <testcase name="rasterizeObjsNoPadding10" classname="org.klojang.util.MathMethodsTest" time="0"/>
  <testcase name="rasterizeObjsNoPadding11" classname="org.klojang.util.MathMethodsTest" time="0"/>
  <testcase name="rasterizeObjsNoPadding12" classname="org.klojang.util.MathMethodsTest" time="0"/>
  <testcase name="rasterizeObjsNoPadding13" classname="org.klojang.util.MathMethodsTest" time="0"/>
  <testcase name="rasterizeObjsNoPadding14" classname="org.klojang.util.MathMethodsTest" time="0"/>
  <testcase name="rasterizeObjsNoPadding15" classname="org.klojang.util.MathMethodsTest" time="0"/>
  <testcase name="rasterizeObjsNoPadding16" classname="org.klojang.util.MathMethodsTest" time="0"/>
  <testcase name="rasterizeObjsNoPadding17" classname="org.klojang.util.MathMethodsTest" time="0"/>
  <testcase name="getColumnIndexCM00" classname="org.klojang.util.MathMethodsTest" time="0"/>
  <testcase name="getColumnIndex00" classname="org.klojang.util.MathMethodsTest" time="0"/>
  <testcase name="divDown00" classname="org.klojang.util.MathMethodsTest" time="0"/>
  <testcase name="rasterizeInts00" classname="org.klojang.util.MathMethodsTest" time="0"/>
  <testcase name="rasterizeInts01" classname="org.klojang.util.MathMethodsTest" time="0"/>
  <testcase name="rasterizeInts02" classname="org.klojang.util.MathMethodsTest" time="0"/>
  <testcase name="rasterizeInts03" classname="org.klojang.util.MathMethodsTest" time="0"/>
  <testcase name="rasterizeInts04" classname="org.klojang.util.MathMethodsTest" time="0"/>
  <testcase name="rasterizeInts05" classname="org.klojang.util.MathMethodsTest" time="0.001"/>
  <testcase name="rasterizeInts06" classname="org.klojang.util.MathMethodsTest" time="0"/>
  <testcase name="rasterizeInts07" classname="org.klojang.util.MathMethodsTest" time="0"/>
  <testcase name="rasterizeInts08" classname="org.klojang.util.MathMethodsTest" time="0"/>
  <testcase name="rasterizeInts09" classname="org.klojang.util.MathMethodsTest" time="0"/>
  <testcase name="rasterizeInts10" classname="org.klojang.util.MathMethodsTest" time="0"/>
  <testcase name="rasterizeInts11" classname="org.klojang.util.MathMethodsTest" time="0"/>
  <testcase name="rasterizeInts12" classname="org.klojang.util.MathMethodsTest" time="0"/>
  <testcase name="rasterizeInts13" classname="org.klojang.util.MathMethodsTest" time="0"/>
  <testcase name="rasterizeInts14" classname="org.klojang.util.MathMethodsTest" time="0"/>
  <testcase name="rasterizeInts15" classname="org.klojang.util.MathMethodsTest" time="0"/>
  <testcase name="rasterizeInts16" classname="org.klojang.util.MathMethodsTest" time="0"/>
  <testcase name="rasterizeInts17" classname="org.klojang.util.MathMethodsTest" time="0.001"/>
  <testcase name="rasterizeObjs00" classname="org.klojang.util.MathMethodsTest" time="0"/>
  <testcase name="rasterizeObjs01" classname="org.klojang.util.MathMethodsTest" time="0"/>
  <testcase name="rasterizeObjs02" classname="org.klojang.util.MathMethodsTest" time="0"/>
  <testcase name="rasterizeObjs03" classname="org.klojang.util.MathMethodsTest" time="0"/>
  <testcase name="rasterizeObjs04" classname="org.klojang.util.MathMethodsTest" time="0"/>
  <testcase name="rasterizeObjs05" classname="org.klojang.util.MathMethodsTest" time="0"/>
  <testcase name="rasterizeObjs06" classname="org.klojang.util.MathMethodsTest" time="0.001"/>
  <testcase name="rasterizeObjs07" classname="org.klojang.util.MathMethodsTest" time="0"/>
  <testcase name="rasterizeObjs08" classname="org.klojang.util.MathMethodsTest" time="0"/>
  <testcase name="rasterizeObjs09" classname="org.klojang.util.MathMethodsTest" time="0"/>
  <testcase name="rasterizeObjs10" classname="org.klojang.util.MathMethodsTest" time="0"/>
  <testcase name="rasterizeObjs11" classname="org.klojang.util.MathMethodsTest" time="0"/>
  <testcase name="rasterizeObjs12" classname="org.klojang.util.MathMethodsTest" time="0"/>
  <testcase name="rasterizeObjs13" classname="org.klojang.util.MathMethodsTest" time="0.001"/>
  <testcase name="rasterizeObjs14" classname="org.klojang.util.MathMethodsTest" time="0"/>
  <testcase name="rasterizeObjs15" classname="org.klojang.util.MathMethodsTest" time="0"/>
  <testcase name="rasterizeObjs16" classname="org.klojang.util.MathMethodsTest" time="0"/>
  <testcase name="rasterizeObjs17" classname="org.klojang.util.MathMethodsTest" time="0"/>
</testsuite>