<?xml version="1.0" encoding="UTF-8"?>
<testsuite xmlns:xsi="http://www.w3.org/2001/XMLSchema-instance" xsi:noNamespaceSchemaLocation="https://maven.apache.org/surefire/maven-surefire-plugin/xsd/surefire-test-report-3.0.xsd" version="3.0" name="org.klojang.util.util.MapBuilderTest" time="0.051" tests="43" errors="0" skipped="0" failures="0">
  <properties>
    <property name="java.specification.version" value="19"/>
    <property name="sun.jnu.encoding" value="UTF-8"/>
    <property name="java.class.path" value="/home/ayco/git-repos/klojang/klojang-util/target/test-classes:/home/ayco/git-repos/klojang/klojang-util/target/classes:/home/ayco/.m2/repository/org/klojang/klojang-check/2.0.0/klojang-check-2.0.0.jar:/home/ayco/.m2/repository/junit/junit/4.13.2/junit-4.13.2.jar:/home/ayco/.m2/repository/org/hamcrest/hamcrest-core/1.3/hamcrest-core-1.3.jar:"/>
    <property name="java.vm.vendor" value="Oracle Corporation"/>
    <property name="sun.arch.data.model" value="64"/>
    <property name="java.vendor.url" value="https://java.oracle.com/"/>
    <property name="os.name" value="Linux"/>
    <property name="java.vm.specification.version" value="19"/>
    <property name="sun.java.launcher" value="SUN_STANDARD"/>
    <property name="user.country" value="US"/>
    <property name="sun.boot.library.path" value="/opt/jdk-19/lib"/>
    <property name="sun.java.command" value="/home/ayco/git-repos/klojang/klojang-util/target/surefire/surefirebooter-20221120152717361_3.jar /home/ayco/git-repos/klojang/klojang-util/target/surefire 2022-11-20T15-27-17_247-jvmRun1 surefire-20221120152717361_1tmp surefire_0-20221120152717361_2tmp"/>
    <property name="jdk.debug" value="release"/>
    <property name="surefire.test.class.path" value="/home/ayco/git-repos/klojang/klojang-util/target/test-classes:/home/ayco/git-repos/klojang/klojang-util/target/classes:/home/ayco/.m2/repository/org/klojang/klojang-check/2.0.0/klojang-check-2.0.0.jar:/home/ayco/.m2/repository/junit/junit/4.13.2/junit-4.13.2.jar:/home/ayco/.m2/repository/org/hamcrest/hamcrest-core/1.3/hamcrest-core-1.3.jar:"/>
    <property name="sun.cpu.endian" value="little"/>
    <property name="user.home" value="/home/ayco"/>
    <property name="user.language" value="en"/>
    <property name="java.specification.vendor" value="Oracle Corporation"/>
    <property name="java.version.date" value="2022-10-18"/>
    <property name="java.home" value="/opt/jdk-19"/>
    <property name="file.separator" value="/"/>
    <property name="basedir" value="/home/ayco/git-repos/klojang/klojang-util"/>
    <property name="java.vm.compressedOopsMode" value="Zero based"/>
    <property name="line.separator" value="&#10;"/>
    <property name="checkstyle.skip" value="true"/>
    <property name="java.specification.name" value="Java Platform API Specification"/>
    <property name="java.vm.specification.vendor" value="Oracle Corporation"/>
    <property name="surefire.real.class.path" value="/home/ayco/git-repos/klojang/klojang-util/target/surefire/surefirebooter-20221120152717361_3.jar"/>
    <property name="sun.management.compiler" value="HotSpot 64-Bit Tiered Compilers"/>
    <property name="java.runtime.version" value="19.0.1+10-21"/>
    <property name="user.name" value="ayco"/>
    <property name="stdout.encoding" value="UTF-8"/>
    <property name="path.separator" value=":"/>
    <property name="os.version" value="5.15.0-53-generic"/>
    <property name="java.runtime.name" value="OpenJDK Runtime Environment"/>
    <property name="file.encoding" value="UTF-8"/>
    <property name="java.vm.name" value="OpenJDK 64-Bit Server VM"/>
    <property name="localRepository" value="/home/ayco/.m2/repository"/>
    <property name="java.vendor.url.bug" value="https://bugreport.java.com/bugreport/"/>
    <property name="java.io.tmpdir" value="/tmp"/>
    <property name="java.version" value="19.0.1"/>
    <property name="user.dir" value="/home/ayco/git-repos/klojang/klojang-util"/>
    <property name="os.arch" value="amd64"/>
    <property name="java.vm.specification.name" value="Java Virtual Machine Specification"/>
    <property name="native.encoding" value="UTF-8"/>
    <property name="java.library.path" value="/usr/java/packages/lib:/usr/lib64:/lib64:/lib:/usr/lib"/>
    <property name="java.vm.info" value="mixed mode, sharing"/>
    <property name="stderr.encoding" value="UTF-8"/>
    <property name="java.vendor" value="Oracle Corporation"/>
    <property name="java.vm.version" value="19.0.1+10-21"/>
    <property name="sun.io.unicode.encoding" value="UnicodeLittle"/>
    <property name="java.class.version" value="63.0"/>
  </properties>
  <testcase name="jump00" classname="org.klojang.util.util.MapBuilderTest" time="0.002"/>
  <testcase name="badSegment00" classname="org.klojang.util.util.MapBuilderTest" time="0.005">
    <system-out><![CDATA[illegal null segment in path "^0.street"
]]></system-out>
  </testcase>
  <testcase name="unset00" classname="org.klojang.util.util.MapBuilderTest" time="0"/>
  <testcase name="unset01" classname="org.klojang.util.util.MapBuilderTest" time="0"/>
  <testcase name="unset02" classname="org.klojang.util.util.MapBuilderTest" time="0"/>
  <testcase name="unset03" classname="org.klojang.util.util.MapBuilderTest" time="0"/>
  <testcase name="sourceMap00" classname="org.klojang.util.util.MapBuilderTest" time="0.001"/>
  <testcase name="sourceMap01" classname="org.klojang.util.util.MapBuilderTest" time="0">
    <system-out><![CDATA[illegal empty key in source map
]]></system-out>
  </testcase>
  <testcase name="sourceMap02" classname="org.klojang.util.util.MapBuilderTest" time="0"/>
  <testcase name="in00" classname="org.klojang.util.util.MapBuilderTest" time="0.001"/>
  <testcase name="in01" classname="org.klojang.util.util.MapBuilderTest" time="0.001">
    <system-out><![CDATA[path "foo.bar.bozo" blocked by terminal value "teapot"
]]></system-out>
  </testcase>
  <testcase name="in02" classname="org.klojang.util.util.MapBuilderTest" time="0"/>
  <testcase name="in03" classname="org.klojang.util.util.MapBuilderTest" time="0.001"/>
  <testcase name="in04" classname="org.klojang.util.util.MapBuilderTest" time="0"/>
  <testcase name="up00" classname="org.klojang.util.util.MapBuilderTest" time="0"/>
  <testcase name="up01" classname="org.klojang.util.util.MapBuilderTest" time="0"/>
  <testcase name="up02" classname="org.klojang.util.util.MapBuilderTest" time="0.001">
    <system-out><![CDATA[expected segment: "person"; provided segment: "teapot"
]]></system-out>
  </testcase>
  <testcase name="up03" classname="org.klojang.util.util.MapBuilderTest" time="0">
    <system-out><![CDATA[already in root map
]]></system-out>
  </testcase>
  <testcase name="up04" classname="org.klojang.util.util.MapBuilderTest" time="0"/>
  <testcase name="up05" classname="org.klojang.util.util.MapBuilderTest" time="0"/>
  <testcase name="up06" classname="org.klojang.util.util.MapBuilderTest" time="0.001"/>
  <testcase name="get00" classname="org.klojang.util.util.MapBuilderTest" time="0.001"/>
  <testcase name="get01" classname="org.klojang.util.util.MapBuilderTest" time="0"/>
  <testcase name="set00" classname="org.klojang.util.util.MapBuilderTest" time="0"/>
  <testcase name="set01" classname="org.klojang.util.util.MapBuilderTest" time="0.001"/>
  <testcase name="set02" classname="org.klojang.util.util.MapBuilderTest" time="0"/>
  <testcase name="set03" classname="org.klojang.util.util.MapBuilderTest" time="0.001"/>
  <testcase name="set04" classname="org.klojang.util.util.MapBuilderTest" time="0.028"/>
  <testcase name="set05" classname="org.klojang.util.util.MapBuilderTest" time="0.001"/>
  <testcase name="set06" classname="org.klojang.util.util.MapBuilderTest" time="0"/>
  <testcase name="set07" classname="org.klojang.util.util.MapBuilderTest" time="0.001"/>
  <testcase name="reset00" classname="org.klojang.util.util.MapBuilderTest" time="0"/>
  <testcase name="reset01" classname="org.klojang.util.util.MapBuilderTest" time="0.001">
    <system-out><![CDATA[already in root map
]]></system-out>
  </testcase>
  <testcase name="isSet00" classname="org.klojang.util.util.MapBuilderTest" time="0"/>
  <testcase name="isSet01" classname="org.klojang.util.util.MapBuilderTest" time="0"/>
  <testcase name="isSet02" classname="org.klojang.util.util.MapBuilderTest" time="0.003"/>
  <testcase name="isSet03" classname="org.klojang.util.util.MapBuilderTest" time="0"/>
  <testcase name="isSet04" classname="org.klojang.util.util.MapBuilderTest" time="0"/>
  <testcase name="isSet05" classname="org.klojang.util.util.MapBuilderTest" time="0"/>
  <testcase name="isSet06" classname="org.klojang.util.util.MapBuilderTest" time="0"/>
  <testcase name="isSet07" classname="org.klojang.util.util.MapBuilderTest" time="0"/>
  <testcase name="isSet08" classname="org.klojang.util.util.MapBuilderTest" time="0"/>
  <testcase name="isSet09" classname="org.klojang.util.util.MapBuilderTest" time="0"/>
</testsuite>